<?xml version="1.0" encoding="UTF-8"?>
<testng-results skipped="0" failed="0" ignored="0" total="4" passed="4">
  <reporter-output>
  </reporter-output>
  <suite name="Amazon UI Automation Suite" duration-ms="32576" started-at="2019-07-19T08:31:57Z" finished-at="2019-07-19T08:32:30Z">
    <groups>
    </groups>
    <test name="Amazon UI Automation Tests" duration-ms="32576" started-at="2019-07-19T08:31:57Z" finished-at="2019-07-19T08:32:30Z">
      <class name="Assignment.Assignment.HomeTest">
        <test-method status="PASS" signature="setUp()[pri:0, instance:Assignment.Assignment.HomeTest@3891771e]" name="setUp" is-config="true" duration-ms="4289" started-at="2019-07-19T08:31:57Z" finished-at="2019-07-19T08:32:02Z">
          <reporter-output>
          </reporter-output>
        </test-method> <!-- setUp -->
        <test-method status="PASS" signature="validateSignIn()[pri:0, instance:Assignment.Assignment.HomeTest@3891771e]" name="validateSignIn" duration-ms="4703" started-at="2019-07-19T08:32:02Z" finished-at="2019-07-19T08:32:06Z">
          <reporter-output>
          </reporter-output>
        </test-method> <!-- validateSignIn -->
        <test-method status="PASS" signature="validateAddtoCartFunctionality()[pri:1, instance:Assignment.Assignment.HomeTest@3891771e]" name="validateAddtoCartFunctionality" duration-ms="9002" started-at="2019-07-19T08:32:06Z" finished-at="2019-07-19T08:32:15Z">
          <reporter-output>
          </reporter-output>
        </test-method> <!-- validateAddtoCartFunctionality -->
        <test-method status="PASS" signature="validateCart()[pri:2, instance:Assignment.Assignment.HomeTest@3891771e]" name="validateCart" duration-ms="7919" started-at="2019-07-19T08:32:15Z" finished-at="2019-07-19T08:32:23Z">
          <reporter-output>
          </reporter-output>
        </test-method> <!-- validateCart -->
        <test-method status="PASS" signature="ValidateAddressPage()[pri:3, instance:Assignment.Assignment.HomeTest@3891771e]" name="ValidateAddressPage" duration-ms="6635" started-at="2019-07-19T08:32:23Z" finished-at="2019-07-19T08:32:30Z">
          <reporter-output>
          </reporter-output>
        </test-method> <!-- ValidateAddressPage -->
        <test-method status="FAIL" signature="cleanUp()[pri:0, instance:Assignment.Assignment.HomeTest@3891771e]" name="cleanUp" is-config="true" duration-ms="0" started-at="2019-07-19T08:32:30Z" finished-at="2019-07-19T08:32:30Z">
          <exception class="java.lang.NullPointerException">
            <full-stacktrace>
              <![CDATA[java.lang.NullPointerException
at Assignment.Assignment.HomeTest.cleanUp(HomeTest.java:64)
at sun.reflect.NativeMethodAccessorImpl.invoke0(Native Method)
at sun.reflect.NativeMethodAccessorImpl.invoke(NativeMethodAccessorImpl.java:62)
at sun.reflect.DelegatingMethodAccessorImpl.invoke(DelegatingMethodAccessorImpl.java:43)
at java.lang.reflect.Method.invoke(Method.java:498)
at org.testng.internal.MethodInvocationHelper.invokeMethod(MethodInvocationHelper.java:124)
at org.testng.internal.MethodInvocationHelper.invokeMethodConsideringTimeout(MethodInvocationHelper.java:59)
at org.testng.internal.Invoker.invokeConfigurationMethod(Invoker.java:455)
at org.testng.internal.Invoker.invokeConfigurations(Invoker.java:222)
at org.testng.internal.Invoker.invokeConfigurations(Invoker.java:142)
at org.testng.internal.TestMethodWorker.invokeAfterClassMethods(TestMethodWorker.java:214)
at org.testng.internal.TestMethodWorker.run(TestMethodWorker.java:111)
at org.testng.TestRunner.privateRun(TestRunner.java:648)
at org.testng.TestRunner.run(TestRunner.java:505)
at org.testng.SuiteRunner.runTest(SuiteRunner.java:455)
at org.testng.SuiteRunner.runSequentially(SuiteRunner.java:450)
at org.testng.SuiteRunner.privateRun(SuiteRunner.java:415)
at org.testng.SuiteRunner.run(SuiteRunner.java:364)
at org.testng.SuiteRunnerWorker.runSuite(SuiteRunnerWorker.java:52)
at org.testng.SuiteRunnerWorker.run(SuiteRunnerWorker.java:84)
at org.testng.TestNG.runSuitesSequentially(TestNG.java:1208)
at org.testng.TestNG.runSuitesLocally(TestNG.java:1137)
at org.testng.TestNG.runSuites(TestNG.java:1049)
at org.testng.TestNG.run(TestNG.java:1017)
at org.testng.remote.AbstractRemoteTestNG.run(AbstractRemoteTestNG.java:114)
at org.testng.remote.RemoteTestNG.initAndRun(RemoteTestNG.java:251)
at org.testng.remote.RemoteTestNG.main(RemoteTestNG.java:77)
]]>
            </full-stacktrace>
          </exception> <!-- java.lang.NullPointerException -->
          <reporter-output>
          </reporter-output>
        </test-method> <!-- cleanUp -->
      </class> <!-- Assignment.Assignment.HomeTest -->
    </test> <!-- Amazon UI Automation Tests -->
  </suite> <!-- Amazon UI Automation Suite -->
</testng-results>
