<?xml version="1.0" encoding="UTF-8"?>
<!-- Generated by org.testng.reporters.JUnitXMLReporter -->
<testsuite hostname="sgoyal-in-la1.local" ignored="0" name="Amazon UI Automation Tests" tests="4" failures="0" timestamp="19 Jul 2019 08:32:30 GMT" time="32.576" errors="0">
  <testcase name="@AfterClass cleanUp" time="0.0" classname="Assignment.Assignment.HomeTest">
    <failure type="java.lang.NullPointerException">
      <![CDATA[java.lang.NullPointerException
at Assignment.Assignment.HomeTest.cleanUp(HomeTest.java:64)
... Removed 26 stack frames]]>
    </failure>
  </testcase> <!-- @AfterClass cleanUp -->
  <testcase name="validateSignIn" time="4.703" classname="Assignment.Assignment.HomeTest"/>
  <testcase name="validateAddtoCartFunctionality" time="9.002" classname="Assignment.Assignment.HomeTest"/>
  <testcase name="validateCart" time="7.919" classname="Assignment.Assignment.HomeTest"/>
  <testcase name="ValidateAddressPage" time="6.635" classname="Assignment.Assignment.HomeTest"/>
</testsuite> <!-- Amazon UI Automation Tests -->
